<?xml version="1.0" encoding="UTF-8"?>
<testng-results ignored="0" total="1" passed="1" failed="0" skipped="0">
  <reporter-output>
  </reporter-output>
  <suite started-at="2022-04-12T12:30:26 IST" name="Default suite" finished-at="2022-04-12T12:30:27 IST" duration-ms="100">
    <groups>
    </groups>
    <test started-at="2022-04-12T12:30:26 IST" name="Default test" finished-at="2022-04-12T12:30:27 IST" duration-ms="100">
      <class name="com.crm.vtiger.SDET32_GitPractice.ClassA">
        <test-method signature="abc()[pri:0, instance:com.crm.vtiger.SDET32_GitPractice.ClassA@3246fb96]" started-at="2022-04-12T12:30:27 IST" name="abc" finished-at="2022-04-12T12:30:27 IST" duration-ms="16" status="PASS">
          <reporter-output>
          </reporter-output>
        </test-method> <!-- abc -->
      </class> <!-- com.crm.vtiger.SDET32_GitPractice.ClassA -->
    </test> <!-- Default test -->
  </suite> <!-- Default suite -->
</testng-results>
